Informe o numero de alunos:
Informe o Nome do aluno:
Informe as tres notas do aluno separadas por espaco:
Informe o Nome do aluno:
Informe as tres notas do aluno separadas por espaco:
Informe o Nome do aluno:
Informe as tres notas do aluno separadas por espaco:



--------------------STATUS DA SALA--------------------
O aluno aluno1
A media foi = 7.33
O seu status e Aprovado
------------------------------



O aluno aluno2
A media foi = 5.00
O seu status e Exame
------------------------------



O aluno aluno3
A media foi = 0.67
O seu status e Reprovado
------------------------------



